TN:
SF:src\navigation\CONSTANT.ts
FNF:0
FNH:0
DA:1,2
DA:2,2
DA:3,2
LF:3
LH:3
BRF:0
BRH:0
end_of_record
TN:
SF:src\navigation\auth\Login.tsx
FN:40,(anonymous_7)
FN:49,LinearIndeterminate
FN:58,ShowError
FN:65,Login
FN:70,(anonymous_11)
FN:92,(anonymous_12)
FN:94,(anonymous_13)
FNF:7
FNH:7
FNDA:1,(anonymous_7)
FNDA:6,LinearIndeterminate
FNDA:11,ShowError
FNDA:7,Login
FNDA:6,(anonymous_11)
FNDA:1,(anonymous_12)
FNDA:11,(anonymous_13)
DA:1,1
DA:2,1
DA:3,1
DA:4,1
DA:5,1
DA:6,1
DA:10,1
DA:11,1
DA:12,1
DA:19,1
DA:24,1
DA:29,1
DA:40,1
DA:45,1
DA:46,1
DA:50,6
DA:51,3
DA:59,11
DA:60,1
DA:66,7
DA:67,7
DA:68,7
DA:70,7
DA:71,6
DA:74,6
DA:92,1
DA:95,11
DA:136,1
LF:28
LH:28
BRDA:45,0,0,0
BRDA:45,0,1,1
BRDA:50,1,0,3
BRDA:59,2,0,10
BRDA:71,3,0,1
BRDA:104,4,0,11
BRDA:104,4,1,1
BRDA:105,5,0,1
BRDA:105,5,1,10
BRDA:116,6,0,11
BRDA:116,6,1,1
BRDA:117,7,0,1
BRDA:117,7,1,10
BRF:13
BRH:12
end_of_record
TN:
SF:src\redux\user\userSlices.ts
FN:95,(anonymous_0)
FN:95,(anonymous_1)
FN:38,(anonymous_2)
FN:43,(anonymous_3)
FN:52,(anonymous_4)
FN:63,(anonymous_5)
FN:70,(anonymous_6)
FN:78,(anonymous_7)
FNF:8
FNH:7
FNDA:0,(anonymous_0)
FNDA:1,(anonymous_1)
FNDA:6,(anonymous_2)
FNDA:4,(anonymous_3)
FNDA:4,(anonymous_4)
FNDA:1,(anonymous_5)
FNDA:1,(anonymous_6)
FNDA:2,(anonymous_7)
DA:1,3
DA:2,3
DA:3,3
DA:29,3
DA:38,3
DA:39,6
DA:40,6
DA:43,3
DA:44,4
DA:45,4
DA:46,4
DA:47,4
DA:48,4
DA:49,4
DA:52,3
DA:53,4
DA:54,4
DA:55,4
DA:56,4
DA:59,3
DA:64,1
DA:65,1
DA:66,1
DA:67,1
DA:68,1
DA:71,1
DA:72,1
DA:73,1
DA:74,1
DA:75,1
DA:80,2
DA:94,3
DA:95,4
DA:97,3
LF:34
LH:34
BRDA:48,0,0,4
BRDA:49,1,0,4
BRDA:54,2,0,4
BRDA:54,2,1,0
BRF:4
BRH:3
end_of_record
TN:
SF:src\redux\user\userThunks.ts
FN:10,(anonymous_8)
FN:10,(anonymous_9)
FN:36,(anonymous_10)
FN:36,(anonymous_11)
FNF:4
FNH:4
FNDA:2,(anonymous_8)
FNDA:2,(anonymous_9)
FNDA:2,(anonymous_10)
FNDA:2,(anonymous_11)
DA:2,2
DA:3,2
DA:4,2
DA:8,2
DA:10,2
DA:11,2
DA:12,2
DA:17,2
DA:22,1
DA:25,1
DA:26,1
DA:28,0
DA:34,2
DA:36,2
DA:37,2
DA:38,2
DA:43,2
DA:47,1
DA:49,1
DA:51,1
DA:52,0
DA:54,1
LF:22
LH:20
BRDA:25,0,0,1
BRDA:25,0,1,0
BRDA:25,1,0,1
BRDA:25,1,1,1
BRDA:51,2,0,0
BRDA:51,2,1,1
BRDA:51,3,0,1
BRDA:51,3,1,0
BRF:8
BRH:5
end_of_record
TN:
SF:src\services\CONSTANT.ts
FNF:0
FNH:0
DA:1,2
DA:2,2
DA:3,2
DA:4,2
LF:4
LH:4
BRF:0
BRH:0
end_of_record
TN:
SF:src\services\axiosInstance.ts
FN:10,(anonymous_8)
FN:16,(anonymous_9)
FN:21,(anonymous_10)
FN:22,(anonymous_11)
FN:22,(anonymous_12)
FNF:5
FNH:4
FNDA:4,(anonymous_8)
FNDA:0,(anonymous_9)
FNDA:2,(anonymous_10)
FNDA:2,(anonymous_11)
FNDA:2,(anonymous_12)
DA:1,2
DA:2,2
DA:3,2
DA:4,2
DA:6,2
DA:10,2
DA:11,4
DA:12,4
DA:13,3
DA:15,4
DA:17,0
DA:20,2
DA:21,2
DA:22,2
DA:23,2
DA:24,2
DA:25,2
DA:26,1
DA:27,1
DA:28,1
DA:30,1
DA:33,0
DA:35,0
DA:36,0
DA:38,0
DA:39,0
DA:42,1
DA:43,1
DA:44,1
DA:45,1
DA:46,1
DA:50,1
DA:51,0
DA:52,0
DA:55,1
DA:59,2
LF:36
LH:28
BRDA:12,0,0,3
BRDA:25,1,0,1
BRDA:25,2,0,2
BRDA:25,2,1,1
BRDA:25,2,2,1
BRDA:50,3,0,0
BRDA:50,4,0,1
BRDA:50,4,1,1
BRDA:50,5,0,0
BRDA:50,5,1,1
BRDA:50,6,0,1
BRDA:50,6,1,1
BRDA:50,7,0,0
BRDA:50,7,1,1
BRDA:50,8,0,1
BRDA:50,8,1,1
BRF:16
BRH:13
end_of_record
TN:
SF:src\utils\CONSTANT.ts
FNF:0
FNH:0
DA:1,2
DA:2,2
DA:3,2
LF:3
LH:3
BRF:0
BRH:0
end_of_record
TN:
SF:src\utils\localStorage.ts
FN:9,setAccessTokenToLocalStorage
FN:13,getAccessTokenToLocalStorage
FN:17,removeAccessTokenFromLocalStorage
FN:21,setRefreshTokenToLocalStorage
FN:25,getRefreshTokenToLocalStorage
FN:29,removeRefreshTokenFromLocalStorage
FN:34,getTodosFromLocalStorage
FN:39,setTodosOnLocalStorage
FNF:8
FNH:6
FNDA:2,setAccessTokenToLocalStorage
FNDA:4,getAccessTokenToLocalStorage
FNDA:1,removeAccessTokenFromLocalStorage
FNDA:2,setRefreshTokenToLocalStorage
FNDA:2,getRefreshTokenToLocalStorage
FNDA:1,removeRefreshTokenFromLocalStorage
FNDA:0,getTodosFromLocalStorage
FNDA:0,setTodosOnLocalStorage
DA:2,2
DA:9,2
DA:10,2
DA:13,2
DA:14,4
DA:17,2
DA:18,1
DA:21,2
DA:22,2
DA:25,2
DA:26,2
DA:29,2
DA:30,1
DA:34,2
DA:35,0
DA:36,0
DA:39,2
DA:40,0
DA:41,0
DA:43,0
LF:20
LH:15
BRDA:36,0,0,0
BRDA:36,0,1,0
BRDA:40,1,0,0
BRDA:40,1,1,0
BRF:4
BRH:0
end_of_record
