TN:
SF:src\navigation\CONSTANT.ts
FNF:0
FNH:0
DA:1,2
DA:2,2
DA:3,2
LF:3
LH:3
BRF:0
BRH:0
end_of_record
TN:
SF:src\navigation\auth\Login.tsx
FN:40,(anonymous_7)
FN:49,LinearIndeterminate
FN:58,ShowError
FN:65,Login
FN:70,(anonymous_11)
FN:92,(anonymous_12)
FN:94,(anonymous_13)
FNF:7
FNH:7
FNDA:1,(anonymous_7)
FNDA:6,LinearIndeterminate
FNDA:11,ShowError
FNDA:7,Login
FNDA:6,(anonymous_11)
FNDA:1,(anonymous_12)
FNDA:11,(anonymous_13)
DA:1,1
DA:2,1
DA:3,1
DA:4,1
DA:5,1
DA:6,1
DA:10,1
DA:11,1
DA:12,1
DA:19,1
DA:24,1
DA:29,1
DA:40,1
DA:45,1
DA:46,1
DA:50,6
DA:51,3
DA:59,11
DA:60,1
DA:66,7
DA:67,7
DA:68,7
DA:70,7
DA:71,6
DA:74,6
DA:92,1
DA:95,11
DA:136,1
LF:28
LH:28
BRDA:45,0,0,0
BRDA:45,0,1,1
BRDA:50,1,0,3
BRDA:59,2,0,10
BRDA:71,3,0,1
BRDA:104,4,0,11
BRDA:104,4,1,1
BRDA:105,5,0,1
BRDA:105,5,1,10
BRDA:116,6,0,11
BRDA:116,6,1,1
BRDA:117,7,0,1
BRDA:117,7,1,10
BRF:13
BRH:12
end_of_record
TN:
SF:src\redux\store.tsx
FNF:0
FNH:0
DA:1,1
DA:2,1
DA:3,1
DA:5,1
LF:4
LH:4
BRF:0
BRH:0
end_of_record
TN:
SF:src\redux\todos\todosSlices.ts
FN:47,(anonymous_0)
FN:53,(anonymous_1)
FN:77,(anonymous_2)
FN:103,(anonymous_3)
FNF:4
FNH:0
FNDA:0,(anonymous_0)
FNDA:0,(anonymous_1)
FNDA:0,(anonymous_2)
FNDA:0,(anonymous_3)
DA:1,1
DA:2,1
DA:36,1
DA:43,1
DA:48,0
DA:49,0
DA:50,0
DA:51,0
DA:54,0
DA:55,0
DA:56,0
DA:58,0
DA:59,0
DA:60,0
DA:62,0
DA:72,0
DA:73,0
DA:74,0
DA:78,0
DA:79,0
DA:80,0
DA:81,0
DA:82,0
DA:88,0
DA:89,0
DA:99,0
DA:100,0
DA:101,0
DA:104,0
DA:105,0
DA:106,0
DA:107,0
DA:112,1
DA:113,1
LF:34
LH:6
BRDA:58,0,0,0
BRDA:58,0,1,0
BRF:2
BRH:0
end_of_record
TN:
SF:src\redux\user\userSlices.ts
FN:95,(anonymous_0)
FN:95,(anonymous_1)
FN:38,(anonymous_2)
FN:43,(anonymous_3)
FN:52,(anonymous_4)
FN:63,(anonymous_5)
FN:70,(anonymous_6)
FN:78,(anonymous_7)
FNF:8
FNH:7
FNDA:0,(anonymous_0)
FNDA:1,(anonymous_1)
FNDA:3,(anonymous_2)
FNDA:2,(anonymous_3)
FNDA:2,(anonymous_4)
FNDA:1,(anonymous_5)
FNDA:1,(anonymous_6)
FNDA:2,(anonymous_7)
DA:1,3
DA:2,3
DA:3,3
DA:29,3
DA:38,3
DA:39,3
DA:40,3
DA:43,3
DA:44,2
DA:45,2
DA:46,2
DA:47,2
DA:48,2
DA:49,2
DA:52,3
DA:53,2
DA:54,2
DA:55,2
DA:56,2
DA:59,3
DA:64,1
DA:65,1
DA:66,1
DA:67,1
DA:68,1
DA:71,1
DA:72,1
DA:73,1
DA:74,1
DA:75,1
DA:80,2
DA:94,3
DA:95,4
DA:97,3
LF:34
LH:34
BRDA:48,0,0,2
BRDA:49,1,0,2
BRDA:54,2,0,2
BRDA:54,2,1,0
BRF:4
BRH:3
end_of_record
TN:
SF:src\redux\user\userThunks.ts
FN:10,(anonymous_8)
FN:10,(anonymous_9)
FN:36,(anonymous_10)
FN:36,(anonymous_11)
FNF:4
FNH:2
FNDA:1,(anonymous_8)
FNDA:1,(anonymous_9)
FNDA:0,(anonymous_10)
FNDA:0,(anonymous_11)
DA:2,2
DA:3,2
DA:4,2
DA:8,2
DA:10,1
DA:11,1
DA:12,1
DA:17,1
DA:22,0
DA:25,0
DA:26,0
DA:28,0
DA:34,2
DA:36,0
DA:37,0
DA:38,0
DA:43,0
DA:47,0
DA:50,0
DA:51,0
DA:53,0
LF:21
LH:9
BRDA:25,0,0,0
BRDA:25,0,1,0
BRDA:25,1,0,0
BRDA:25,1,1,0
BRDA:50,2,0,0
BRDA:50,2,1,0
BRDA:50,3,0,0
BRDA:50,3,1,0
BRF:8
BRH:0
end_of_record
TN:
SF:src\services\CONSTANT.ts
FNF:0
FNH:0
DA:1,2
DA:2,2
DA:3,2
LF:3
LH:3
BRF:0
BRH:0
end_of_record
TN:
SF:src\services\axiosInstance.ts
FN:10,(anonymous_8)
FN:16,(anonymous_9)
FN:21,(anonymous_10)
FN:22,(anonymous_11)
FN:22,(anonymous_12)
FNF:5
FNH:1
FNDA:1,(anonymous_8)
FNDA:0,(anonymous_9)
FNDA:0,(anonymous_10)
FNDA:0,(anonymous_11)
FNDA:0,(anonymous_12)
DA:1,2
DA:2,2
DA:3,2
DA:4,2
DA:6,2
DA:10,2
DA:11,1
DA:12,1
DA:13,0
DA:15,1
DA:17,0
DA:20,2
DA:21,0
DA:22,0
DA:23,0
DA:24,0
DA:25,0
DA:26,0
DA:27,0
DA:29,0
DA:32,0
DA:34,0
DA:35,0
DA:37,0
DA:38,0
DA:41,0
DA:42,0
DA:43,0
DA:44,0
DA:45,0
DA:49,0
DA:50,0
DA:51,0
DA:54,0
DA:58,2
LF:35
LH:11
BRDA:12,0,0,0
BRDA:24,1,0,0
BRDA:24,2,0,0
BRDA:24,2,1,0
BRDA:49,3,0,0
BRDA:49,4,0,0
BRDA:49,4,1,0
BRDA:49,5,0,0
BRDA:49,5,1,0
BRDA:49,6,0,0
BRDA:49,6,1,0
BRDA:49,7,0,0
BRDA:49,7,1,0
BRDA:49,8,0,0
BRDA:49,8,1,0
BRF:15
BRH:0
end_of_record
TN:
SF:src\utils\CONSTANT.ts
FNF:0
FNH:0
DA:1,2
DA:2,2
DA:3,2
LF:3
LH:3
BRF:0
BRH:0
end_of_record
TN:
SF:src\utils\localStorage.ts
FN:9,setAccessTokenToLocalStorage
FN:13,getAccessTokenToLocalStorage
FN:17,removeAccessTokenFromLocalStorage
FN:21,setRefreshTokenToLocalStorage
FN:25,getRefreshTokenToLocalStorage
FN:29,removeRefreshTokenFromLocalStorage
FN:34,getTodosFromLocalStorage
FN:39,setTodosOnLocalStorage
FNF:8
FNH:1
FNDA:0,setAccessTokenToLocalStorage
FNDA:1,getAccessTokenToLocalStorage
FNDA:0,removeAccessTokenFromLocalStorage
FNDA:0,setRefreshTokenToLocalStorage
FNDA:0,getRefreshTokenToLocalStorage
FNDA:0,removeRefreshTokenFromLocalStorage
FNDA:0,getTodosFromLocalStorage
FNDA:0,setTodosOnLocalStorage
DA:2,2
DA:9,2
DA:10,0
DA:13,2
DA:14,1
DA:17,2
DA:18,0
DA:21,2
DA:22,0
DA:25,2
DA:26,0
DA:29,2
DA:30,0
DA:34,2
DA:35,0
DA:36,0
DA:39,2
DA:40,0
DA:41,0
DA:43,0
LF:20
LH:10
BRDA:36,0,0,0
BRDA:36,0,1,0
BRDA:40,1,0,0
BRDA:40,1,1,0
BRF:4
BRH:0
end_of_record
TN:
SF:src\utils\todosData.ts
FN:10,setUserTodosFromStorage
FN:19,updateUserTodos
FN:26,getUserTodos
FN:31,generateUniqueId
FNF:4
FNH:0
FNDA:0,setUserTodosFromStorage
FNDA:0,updateUserTodos
FNDA:0,getUserTodos
FNDA:0,generateUniqueId
DA:2,1
DA:4,1
DA:5,1
DA:6,1
DA:8,1
DA:11,0
DA:12,0
DA:13,0
DA:14,0
DA:15,0
DA:16,0
DA:19,1
DA:20,0
DA:21,0
DA:22,0
DA:26,1
DA:27,0
DA:28,0
DA:31,1
DA:32,0
LF:20
LH:8
BRDA:13,0,0,0
BRDA:13,0,1,0
BRDA:14,1,0,0
BRDA:14,1,1,0
BRDA:15,2,0,0
BRDA:20,3,0,0
BRF:6
BRH:0
end_of_record
